{
  "RSpec": {
    "coverage": {
      "/Users/willcowen/Workspace/storied/app/models/character.rb": [
        1,
        1,
        1,
        1,
        1,
        null,
        null
      ],
      "/Users/willcowen/Workspace/storied/app/controllers/ideas_controller.rb": [
        1,
        1,
        14,
        14,
        14,
        null,
        null
      ],
      "/Users/willcowen/Workspace/storied/app/controllers/application_controller.rb": [
        1,
        1,
        null
      ],
      "/Users/willcowen/Workspace/storied/app/controllers/characters_controller.rb": [
        1,
        1,
        7,
        null,
        null,
        1,
        6,
        null,
        6,
        6,
        10,
        5,
        null,
        2,
        1,
        null,
        null,
        null,
        null,
        1,
        2,
        null,
        null,
        1,
        3,
        null,
        null,
        1,
        2,
        2,
        2,
        2,
        2,
        1,
        null,
        2,
        1,
        null,
        null,
        null,
        null,
        null
      ]
    },
    "timestamp": 1369842608
  }
}
