{
  "RSpec": {
    "coverage": {
      "/Users/willcowen/Workspace/storied/app/models/character.rb": [
        1,
        1,
        null,
        null
      ],
      "/Users/willcowen/Workspace/storied/app/models/idea.rb": [
        1,
        1,
        1,
        1,
        null
      ],
      "/Users/willcowen/Workspace/storied/app/controllers/ideas_controller.rb": [
        1,
        1,
        24,
        null,
        null,
        1,
        12,
        null,
        null,
        1,
        10,
        null,
        10,
        9,
        9,
        null,
        1,
        1,
        null,
        null,
        null,
        1,
        4,
        null,
        null,
        1,
        5,
        null,
        null,
        1,
        3,
        3,
        3,
        2,
        2,
        null,
        1,
        1,
        null,
        null,
        null,
        1,
        null,
        1,
        34,
        null,
        null,
        null
      ],
      "/Users/willcowen/Workspace/storied/app/controllers/application_controller.rb": [
        1,
        1,
        null
      ],
      "/Users/willcowen/Workspace/storied/app/models/item.rb": [
        1,
        null,
        null
      ]
    },
    "timestamp": 1370003280
  }
}
